Performing C SOURCE FILE Test CMAKE_HAVE_LIBC_PTHREAD failed with the following output:
Change Dir: /home/luke/workspace/rviz_test_ws/build/CMakeFiles/CMakeTmp

Run Build Command(s):/usr/bin/make -f Makefile cmTC_ece37/fast && /usr/bin/make  -f CMakeFiles/cmTC_ece37.dir/build.make CMakeFiles/cmTC_ece37.dir/build
make[1]: Entering directory '/home/luke/workspace/rviz_test_ws/build/CMakeFiles/CMakeTmp'
Building C object CMakeFiles/cmTC_ece37.dir/src.c.o
/usr/bin/cc -DCMAKE_HAVE_LIBC_PTHREAD   -o CMakeFiles/cmTC_ece37.dir/src.c.o -c /home/luke/workspace/rviz_test_ws/build/CMakeFiles/CMakeTmp/src.c
Linking C executable cmTC_ece37
/opt/cmake-3.22.0-linux-aarch64/bin/cmake -E cmake_link_script CMakeFiles/cmTC_ece37.dir/link.txt --verbose=1
/usr/bin/cc -rdynamic CMakeFiles/cmTC_ece37.dir/src.c.o -o cmTC_ece37 
CMakeFiles/cmTC_ece37.dir/src.c.o: In function `main':
src.c:(.text+0x48): undefined reference to `pthread_create'
src.c:(.text+0x50): undefined reference to `pthread_detach'
src.c:(.text+0x58): undefined reference to `pthread_cancel'
src.c:(.text+0x64): undefined reference to `pthread_join'
src.c:(.text+0x74): undefined reference to `pthread_atfork'
collect2: error: ld returned 1 exit status
CMakeFiles/cmTC_ece37.dir/build.make:98: recipe for target 'cmTC_ece37' failed
make[1]: *** [cmTC_ece37] Error 1
make[1]: Leaving directory '/home/luke/workspace/rviz_test_ws/build/CMakeFiles/CMakeTmp'
Makefile:127: recipe for target 'cmTC_ece37/fast' failed
make: *** [cmTC_ece37/fast] Error 2


Source file was:
#include <pthread.h>

static void* test_func(void* data)
{
  return data;
}

int main(void)
{
  pthread_t thread;
  pthread_create(&thread, NULL, test_func, NULL);
  pthread_detach(thread);
  pthread_cancel(thread);
  pthread_join(thread, NULL);
  pthread_atfork(NULL, NULL, NULL);
  pthread_exit(NULL);

  return 0;
}

Determining if the function pthread_create exists in the pthreads failed with the following output:
Change Dir: /home/luke/workspace/rviz_test_ws/build/CMakeFiles/CMakeTmp

Run Build Command(s):/usr/bin/make -f Makefile cmTC_b0b1e/fast && /usr/bin/make  -f CMakeFiles/cmTC_b0b1e.dir/build.make CMakeFiles/cmTC_b0b1e.dir/build
make[1]: Entering directory '/home/luke/workspace/rviz_test_ws/build/CMakeFiles/CMakeTmp'
make[1]: Warning: File '/opt/cmake-3.22.0-linux-aarch64/share/cmake-3.22/Modules/CheckFunctionExists.c' has modification time 10350313 s in the future
Building C object CMakeFiles/cmTC_b0b1e.dir/CheckFunctionExists.c.o
/usr/bin/cc   -DCHECK_FUNCTION_EXISTS=pthread_create -o CMakeFiles/cmTC_b0b1e.dir/CheckFunctionExists.c.o -c /opt/cmake-3.22.0-linux-aarch64/share/cmake-3.22/Modules/CheckFunctionExists.c
Linking C executable cmTC_b0b1e
/opt/cmake-3.22.0-linux-aarch64/bin/cmake -E cmake_link_script CMakeFiles/cmTC_b0b1e.dir/link.txt --verbose=1
/usr/bin/cc  -DCHECK_FUNCTION_EXISTS=pthread_create -rdynamic CMakeFiles/cmTC_b0b1e.dir/CheckFunctionExists.c.o -o cmTC_b0b1e  -lpthreads 
/usr/bin/ld: cannot find -lpthreads
collect2: error: ld returned 1 exit status
CMakeFiles/cmTC_b0b1e.dir/build.make:98: recipe for target 'cmTC_b0b1e' failed
make[1]: *** [cmTC_b0b1e] Error 1
make[1]: Leaving directory '/home/luke/workspace/rviz_test_ws/build/CMakeFiles/CMakeTmp'
Makefile:127: recipe for target 'cmTC_b0b1e/fast' failed
make: *** [cmTC_b0b1e/fast] Error 2



